<?xml version="1.0" encoding="UTF-8"?>
<testsuite name="TestSuite" time="0.47" tests="11" errors="0" skipped="0" failures="0">
  <properties>
    <property name="java.runtime.name" value="Java(TM) SE Runtime Environment"/>
    <property name="sun.boot.library.path" value="/usr/lib/jvm/java-8-oracle/jre/lib/amd64"/>
    <property name="java.vm.version" value="25.11-b03"/>
    <property name="java.vm.vendor" value="Oracle Corporation"/>
    <property name="java.vendor.url" value="http://java.oracle.com/"/>
    <property name="path.separator" value=":"/>
    <property name="guice.disable.misplaced.annotation.check" value="true"/>
    <property name="java.vm.name" value="Java HotSpot(TM) 64-Bit Server VM"/>
    <property name="file.encoding.pkg" value="sun.io"/>
    <property name="user.country" value="US"/>
    <property name="sun.java.launcher" value="SUN_STANDARD"/>
    <property name="sun.os.patch.level" value="unknown"/>
    <property name="java.vm.specification.name" value="Java Virtual Machine Specification"/>
    <property name="user.dir" value="/home/affan/Development/NetBeansProjects/wef-test-harness"/>
    <property name="java.runtime.version" value="1.8.0_11-b12"/>
    <property name="java.awt.graphicsenv" value="sun.awt.X11GraphicsEnvironment"/>
    <property name="java.endorsed.dirs" value="/usr/lib/jvm/java-8-oracle/jre/lib/endorsed"/>
    <property name="os.arch" value="amd64"/>
    <property name="java.io.tmpdir" value="/tmp"/>
    <property name="line.separator" value="&#10;"/>
    <property name="java.vm.specification.vendor" value="Oracle Corporation"/>
    <property name="os.name" value="Linux"/>
    <property name="classworlds.conf" value="/usr/local/apache-maven-3.2.5/bin/m2.conf"/>
    <property name="sun.jnu.encoding" value="UTF-8"/>
    <property name="java.library.path" value="/usr/java/packages/lib/amd64:/usr/lib64:/lib64:/lib:/usr/lib"/>
    <property name="java.specification.name" value="Java Platform API Specification"/>
    <property name="java.class.version" value="52.0"/>
    <property name="sun.management.compiler" value="HotSpot 64-Bit Tiered Compilers"/>
    <property name="os.version" value="3.13.0-32-generic"/>
    <property name="user.home" value="/root"/>
    <property name="user.timezone" value="Asia/Karachi"/>
    <property name="java.awt.printerjob" value="sun.print.PSPrinterJob"/>
    <property name="file.encoding" value="UTF-8"/>
    <property name="java.specification.version" value="1.8"/>
    <property name="user.name" value="root"/>
    <property name="java.class.path" value="/usr/local/apache-maven-3.2.5/boot/plexus-classworlds-2.5.2.jar"/>
    <property name="java.vm.specification.version" value="1.8"/>
    <property name="sun.arch.data.model" value="64"/>
    <property name="java.home" value="/usr/lib/jvm/java-8-oracle/jre"/>
    <property name="sun.java.command" value="org.codehaus.plexus.classworlds.launcher.Launcher clean install"/>
    <property name="java.specification.vendor" value="Oracle Corporation"/>
    <property name="user.language" value="en"/>
    <property name="awt.toolkit" value="sun.awt.X11.XToolkit"/>
    <property name="java.vm.info" value="mixed mode"/>
    <property name="java.version" value="1.8.0_11"/>
    <property name="java.ext.dirs" value="/usr/lib/jvm/java-8-oracle/jre/lib/ext:/usr/java/packages/lib/ext"/>
    <property name="securerandom.source" value="file:/dev/./urandom"/>
    <property name="sun.boot.class.path" value="/usr/lib/jvm/java-8-oracle/jre/lib/resources.jar:/usr/lib/jvm/java-8-oracle/jre/lib/rt.jar:/usr/lib/jvm/java-8-oracle/jre/lib/sunrsasign.jar:/usr/lib/jvm/java-8-oracle/jre/lib/jsse.jar:/usr/lib/jvm/java-8-oracle/jre/lib/jce.jar:/usr/lib/jvm/java-8-oracle/jre/lib/charsets.jar:/usr/lib/jvm/java-8-oracle/jre/lib/jfr.jar:/usr/lib/jvm/java-8-oracle/jre/classes"/>
    <property name="java.vendor" value="Oracle Corporation"/>
    <property name="maven.home" value="/usr/local/apache-maven-3.2.5"/>
    <property name="file.separator" value="/"/>
    <property name="java.vendor.url.bug" value="http://bugreport.sun.com/bugreport/"/>
    <property name="sun.cpu.endian" value="little"/>
    <property name="sun.io.unicode.encoding" value="UnicodeLittle"/>
    <property name="sun.cpu.isalist" value=""/>
  </properties>
  <testcase name="method_getTestScores_returned_map_must_contain_report_document" classname="com.rc.wefunit.testengine.TestEngineTest" time="0.106"/>
  <testcase name="method_getTestScores_returned_map_must_contain_score_document" classname="com.rc.wefunit.testengine.TestEngineTest" time="0.001"/>
  <testcase name="method_getTestScores_returned_map_validating_failed_test_objects_structures_inside_report_failed_array" classname="com.rc.wefunit.testengine.TestEngineTest" time="0.187"/>
  <testcase name="method_generateHTMLTestReporting_create_a_new_html_report_if_a_report_file_is_not_there" classname="com.rc.wefunit.testreporting.HTMLReporterTest" time="0.047"/>
  <testcase name="method_generateHTMLTestReporting_delete_existing_html_report_file_then_regenerate_a_new_file" classname="com.rc.wefunit.testreporting.HTMLReporterTest" time="0.003"/>
  <testcase name="method_generateHTMLTestReporting_if_reporting_directories_are_not_present_then_create_them" classname="com.rc.wefunit.testreporting.HTMLReporterTest" time="0.002"/>
  <testcase name="method_generateHTMLTestReporting_must_throw_IllegalStateException_when_reporting_dir_is_not_accessible" classname="com.rc.wefunit.testreporting.HTMLReporterTest" time="0.104"/>
  <testcase name="method_getBaseDirPathForLogging_must_return_user_home_when_a_config_file_is_present_but_no_logging_dir_element_is_there" classname="com.rc.wefunit.ConfigReaderTest" time="0.012"/>
  <testcase name="method_getBaseDirPathForLogging_must_return_user_home_when_no_wefunit_xml_file_is_present" classname="com.rc.wefunit.ConfigReaderTest" time="0.002"/>
  <testcase name="method_getProjectName_tes_for_linux" classname="com.rc.wefunit.ConfigReaderTest" time="0.001"/>
  <testcase name="method_getProjectName_tes_for_windows" classname="com.rc.wefunit.ConfigReaderTest" time="0.005"/>
</testsuite>