<?xml version="1.0" encoding="UTF-8"?>
<!-- Generated by org.testng.reporters.JUnitReportReporter -->
<testsuite hostname="ubuntu" name="com.rc.wefunit.GenericServiceOperationTestTest" tests="24" failures="0" timestamp="26 May 2015 17:33:00 GMT" time="0.231" errors="0">
  <testcase name="is_serviceOperationName_string_field_present" time="0.001" classname="com.rc.wefunit.GenericServiceOperationTestTest"/>
  <testcase name="is_dataServiceName_field_with_DATA_SERVICE_NAME_annotation_with_value_DATA_SERVICE_NAME_present" time="0.002" classname="com.rc.wefunit.GenericServiceOperationTestTest"/>
  <testcase name="is_webAppAccess_field_with_GenericSODependency_annotation_with_value_SERVICE_CONSUMER_BUILDER_FIXTURE_MODEL_present" time="0.011" classname="com.rc.wefunit.GenericServiceOperationTestTest"/>
  <testcase name="is_serviceOperationName_string_field_contains_Inject_annotation" time="0.001" classname="com.rc.wefunit.GenericServiceOperationTestTest"/>
  <testcase name="is_webAppAccess_field_with_service_consumer_fixtures_annotation_is_protected" time="0.000" classname="com.rc.wefunit.GenericServiceOperationTestTest"/>
  <testcase name="method_is_service_operation_name_is_in_correct_format_contains_Test_annotation_functional_tests" time="0.052" classname="com.rc.wefunit.GenericServiceOperationTestTest"/>
  <testcase name="method_getCallableServiceOperationName_functional_test" time="0.002" classname="com.rc.wefunit.GenericServiceOperationTestTest"/>
  <testcase name="serviceOperationName_field_is_GenericSODependency_annotation_with_value_SERVICE_OPERATION_NAME_present" time="0.001" classname="com.rc.wefunit.GenericServiceOperationTestTest"/>
  <testcase name="is_dataServiceName_field_with_DATA_SERVICE_NAME_annotation" time="0.000" classname="com.rc.wefunit.GenericServiceOperationTestTest"/>
  <testcase name="method_is_service_operation_exists_functional_tests" time="0.147" classname="com.rc.wefunit.GenericServiceOperationTestTest"/>
  <testcase name="getter_for_dataServiceName" time="0.001" classname="com.rc.wefunit.GenericServiceOperationTestTest"/>
  <testcase name="getter_for_webAppAccess" time="0.001" classname="com.rc.wefunit.GenericServiceOperationTestTest"/>
  <testcase name="is_webAppAccess_field_with_GenericSODependency_annotation_present" time="0.001" classname="com.rc.wefunit.GenericServiceOperationTestTest"/>
  <testcase name="getter_for_serviceOperationName" time="0.000" classname="com.rc.wefunit.GenericServiceOperationTestTest"/>
  <testcase name="serviceOperationName_field_is_GenericSODependency_annotation_present" time="0.001" classname="com.rc.wefunit.GenericServiceOperationTestTest"/>
  <testcase name="is_webAppAccess_field_with_Inject_annotation_present" time="0.003" classname="com.rc.wefunit.GenericServiceOperationTestTest"/>
  <testcase name="is_dataServiceName_string_field_is_present" time="0.001" classname="com.rc.wefunit.GenericServiceOperationTestTest"/>
  <testcase name="is_service_operation_name_is_in_correct_format_Method_exists" time="0.001" classname="com.rc.wefunit.GenericServiceOperationTestTest"/>
  <testcase name="is_dataServiceName_string_field_contains_Inject_annotation" time="0.001" classname="com.rc.wefunit.GenericServiceOperationTestTest"/>
  <testcase name="method_is_service_operation_name_is_in_correct_format_contains_Test_annotation" time="0.002" classname="com.rc.wefunit.GenericServiceOperationTestTest"/>
  <testcase name="abstract_method_parameter_count_test" time="0.001" classname="com.rc.wefunit.GenericServiceOperationTestTest"/>
  <testcase name="is_service_operation_exists_Method_exists" time="0.000" classname="com.rc.wefunit.GenericServiceOperationTestTest"/>
  <testcase name="is_service_operation_exists_method_should_have_Test_annotation" time="0.000" classname="com.rc.wefunit.GenericServiceOperationTestTest"/>
  <testcase name="is_serviceOperationName_string_field_is_protected" time="0.001" classname="com.rc.wefunit.GenericServiceOperationTestTest"/>
</testsuite> <!-- com.rc.wefunit.GenericServiceOperationTestTest -->
