<?xml version="1.0" encoding="UTF-8"?>
<!-- Generated by org.testng.reporters.JUnitReportReporter -->
<testsuite hostname="ubuntu" name="com.rc.wefunit.RunnerTest" tests="7" failures="0" timestamp="26 May 2015 14:16:19 GMT" time="0.026" errors="0">
  <testcase name="method_getWebAppAccess_throw_IllegalStateException_when_called_before_calling_run_method" time="0.000" classname="com.rc.wefunit.RunnerTest"/>
  <testcase name="method_scanTestClasses_scan_for_test_classes_must_throw_IllegalStateException_when_WEB_INF_dir_is_not_a_wef_project" time="0.015" classname="com.rc.wefunit.RunnerTest"/>
  <testcase name="method_getWebInfDirPath_web_INF_directory_path_web_inf_as_last_directory" time="0.008" classname="com.rc.wefunit.RunnerTest"/>
  <testcase name="method_run" time="0.001" classname="com.rc.wefunit.RunnerTest"/>
  <testcase name="method_run_with_parameters_WebAppAccess_And_ClassLoader_existence" time="0.000" classname="com.rc.wefunit.RunnerTest"/>
  <testcase name="Runner_instance_must_be_singleton" time="0.002" classname="com.rc.wefunit.RunnerTest"/>
  <testcase name="method_getWebAppAccess_existence" time="0.000" classname="com.rc.wefunit.RunnerTest"/>
</testsuite> <!-- com.rc.wefunit.RunnerTest -->
