<?xml version="1.0" encoding="UTF-8"?>
<!-- Generated by org.testng.reporters.JUnitReportReporter -->
<testsuite hostname="ubuntu" name="com.rc.wefunit.testengine.TestEngineTest" tests="7" failures="0" timestamp="11 May 2015 14:04:30 GMT" time="0.321" errors="0">
  <testcase name="method_executeTests_total_test_for_explicitly_failed_tests" time="0.034" classname="com.rc.wefunit.testengine.TestEngineTest"/>
  <testcase name="is_exist_Interface_TestEngine" time="0.045" classname="com.rc.wefunit.testengine.TestEngineTest"/>
  <testcase name="method_executeTests_parameters_Queue" time="0.001" classname="com.rc.wefunit.testengine.TestEngineTest"/>
  <testcase name="method_executeTests_total_executed_tests_should_equal_to_total_no_of_tests_present" time="0.045" classname="com.rc.wefunit.testengine.TestEngineTest"/>
  <testcase name="method_executeTests_tests_reports_failed_tests_arrays_size_should_be_equal_to_total_failed_tests" time="0.158" classname="com.rc.wefunit.testengine.TestEngineTest"/>
  <testcase name="singleton_test" time="0.000" classname="com.rc.wefunit.testengine.TestEngineTest"/>
  <testcase name="method_executeTests_total_passed_tests_should_be_equal_to_total_tests_minus_total_failed_tests" time="0.038" classname="com.rc.wefunit.testengine.TestEngineTest"/>
</testsuite> <!-- com.rc.wefunit.testengine.TestEngineTest -->
