<?xml version="1.0" encoding="UTF-8"?>
<!-- Generated by org.testng.reporters.JUnitReportReporter -->
<testsuite hostname="ubuntu" name="com.rc.wefunit.testengine.TestEngineTest" tests="3" failures="0" timestamp="19 May 2015 10:56:00 GMT" time="0.036" errors="0">
  <testcase name="method_executeTests_parameters_Queue" time="0.001" classname="com.rc.wefunit.testengine.TestEngineTest"/>
  <testcase name="is_exist_Interface_TestEngine" time="0.034" classname="com.rc.wefunit.testengine.TestEngineTest"/>
  <testcase name="singleton_test" time="0.001" classname="com.rc.wefunit.testengine.TestEngineTest"/>
</testsuite> <!-- com.rc.wefunit.testengine.TestEngineTest -->
