<?xml version="1.0" encoding="UTF-8"?>
<!-- Generated by org.testng.reporters.JUnitReportReporter -->
<testsuite hostname="ubuntu" name="com.rc.wefunit.TestClassInstantiationUtilityTest" tests="1" failures="0" timestamp="11 May 2015 14:04:30 GMT" time="0.134" errors="0">
  <testcase name="method_inject_should_inject_WebAppAccess_For_SCBuildersFixture_model" time="0.134" classname="com.rc.wefunit.TestClassInstantiationUtilityTest"/>
</testsuite> <!-- com.rc.wefunit.TestClassInstantiationUtilityTest -->
