<?xml version="1.0" encoding="UTF-8"?>
<!-- Generated by org.testng.reporters.JUnitReportReporter -->
<testsuite hostname="ubuntu" name="com.rc.wefunit.producers.FactoryProducersTest" tests="2" failures="0" timestamp="20 May 2015 10:36:10 GMT" time="0.003" errors="0">
  <testcase name="method_getSCBuildersFixturesModel_throw_IllegalStateException_when_a_model_named_SCBuildersFixture_is_not_found" time="0.002" classname="com.rc.wefunit.producers.FactoryProducersTest"/>
  <testcase name="method_getSCBuildersFixturesModel" time="0.001" classname="com.rc.wefunit.producers.FactoryProducersTest"/>
</testsuite> <!-- com.rc.wefunit.producers.FactoryProducersTest -->
