<?xml version="1.0" encoding="UTF-8"?>
<!-- Generated by org.testng.reporters.JUnitReportReporter -->
<testsuite hostname="ubuntu" name="com.rc.wefunit.annotations.Annotations" tests="2" failures="0" timestamp="19 May 2015 13:51:12 GMT" time="0.003" errors="0">
  <testcase name="test_enabled_method" time="0.002" classname="com.rc.wefunit.annotations.Annotations"/>
  <testcase name="test" time="0.001" classname="com.rc.wefunit.annotations.Annotations"/>
</testsuite> <!-- com.rc.wefunit.annotations.Annotations -->
