<?xml version="1.0" encoding="UTF-8"?>
<!-- Generated by org.testng.reporters.JUnitReportReporter -->
<testsuite hostname="ubuntu" name="com.rc.wefunit.testengine.TestEngineTest" tests="3" failures="0" timestamp="12 May 2015 16:55:09 GMT" time="0.032" errors="0">
  <testcase name="is_exist_Interface_TestEngine" time="0.032" classname="com.rc.wefunit.testengine.TestEngineTest"/>
  <testcase name="singleton_test" time="0.000" classname="com.rc.wefunit.testengine.TestEngineTest"/>
  <testcase name="method_executeTests_parameters_Queue" time="0.000" classname="com.rc.wefunit.testengine.TestEngineTest"/>
</testsuite> <!-- com.rc.wefunit.testengine.TestEngineTest -->
