<?xml version="1.0" encoding="UTF-8"?>
<!-- Generated by org.testng.reporters.JUnitReportReporter -->
<testsuite hostname="ubuntu" name="com.rc.wefunit.CommonUtilsTest" tests="11" failures="0" timestamp="27 May 2015 17:31:15 GMT" time="-4298243584.000" errors="0">
  <testcase name="method_getAsUnixPath" time="0.001" classname="com.rc.wefunit.CommonUtilsTest"/>
  <testcase name="filterQualifierAnnotations_functional_test" time="0.002" classname="com.rc.wefunit.CommonUtilsTest"/>
  <testcase name="test_CommonUtils_is_singleton_when_get_from_factory" time="0.001" classname="com.rc.wefunit.CommonUtilsTest"/>
  <testcase name="method_getAsWindowsPath" time="0.000" classname="com.rc.wefunit.CommonUtilsTest"/>
  <testcase name="method_getTestMethodsArray" time="0.002" classname="com.rc.wefunit.CommonUtilsTest"/>
  <testcase name="method_getOSPlatform_returns_1_for_Linux" time="-1432747904.000" classname="com.rc.wefunit.CommonUtilsTest"/>
  <testcase name="method_getSuperClassesHierarchy" time="0.001" classname="com.rc.wefunit.CommonUtilsTest"/>
  <testcase name="method_getOSPlatform_returns_2_for_Windows" time="-1432747904.000" classname="com.rc.wefunit.CommonUtilsTest"/>
  <testcase name="method_createPath" time="-1432747904.000" classname="com.rc.wefunit.CommonUtilsTest"/>
  <testcase name="method_getTestMethodsArray_test_for_GeneServiceOperationTest" time="0.000" classname="com.rc.wefunit.CommonUtilsTest"/>
  <testcase name="filterQualifierAnnotations" time="0.001" classname="com.rc.wefunit.CommonUtilsTest"/>
</testsuite> <!-- com.rc.wefunit.CommonUtilsTest -->
