<?xml version="1.0" encoding="UTF-8"?>
<!-- Generated by org.testng.reporters.JUnitReportReporter -->
<testsuite hostname="ubuntu" name="com.rc.wefunit.annotations.GenericSODependencyTest" tests="5" failures="0" timestamp="28 May 2015 16:29:15 GMT" time="0.003" errors="0">
  <testcase name="is_value_method_present" time="0.001" classname="com.rc.wefunit.annotations.GenericSODependencyTest"/>
  <testcase name="is_annotation_GenericSODependency" time="0.001" classname="com.rc.wefunit.annotations.GenericSODependencyTest"/>
  <testcase name="is_a_Qualifier" time="0.001" classname="com.rc.wefunit.annotations.GenericSODependencyTest"/>
  <testcase name="target" time="0.000" classname="com.rc.wefunit.annotations.GenericSODependencyTest"/>
  <testcase name="target_METHOD_AND_FIELD" time="0.000" classname="com.rc.wefunit.annotations.GenericSODependencyTest"/>
</testsuite> <!-- com.rc.wefunit.annotations.GenericSODependencyTest -->
