<?xml version="1.0" encoding="UTF-8"?>
<!-- Generated by org.testng.reporters.JUnitReportReporter -->
<testsuite hostname="ubuntu" name="com.rc.wefunit.annotations.BeforeClassTest" tests="4" failures="0" timestamp="11 May 2015 14:04:30 GMT" time="0.004" errors="0">
  <testcase name="BeforeClass_annotation_RetentionPolicy_RUNTIME" time="0.001" classname="com.rc.wefunit.annotations.BeforeClassTest"/>
  <testcase name="BeforeClass_annotation_enabled_method_default_value_true" time="0.001" classname="com.rc.wefunit.annotations.BeforeClassTest"/>
  <testcase name="BeforeClass_annotation_Target_METHOD" time="0.001" classname="com.rc.wefunit.annotations.BeforeClassTest"/>
  <testcase name="BeforeClass_annotation" time="0.001" classname="com.rc.wefunit.annotations.BeforeClassTest"/>
</testsuite> <!-- com.rc.wefunit.annotations.BeforeClassTest -->
