<?xml version="1.0" encoding="UTF-8"?>
<!-- Generated by org.testng.reporters.JUnitReportReporter -->
<testsuite hostname="ubuntu" name="com.rc.wefunit.FixtureDependencyInjectorUtilityTest" tests="3" failures="0" timestamp="22 May 2015 11:40:53 GMT" time="0.022" errors="0">
  <testcase name="inject_method_with_2_parameters_Field_and_Object1_GenericServiceOperationTest_serviceOperationName_field_1" time="0.007" classname="com.rc.wefunit.FixtureDependencyInjectorUtilityTest"/>
  <testcase name="must_throw_IllegalStateException_when_a_non_injectable_field_is_provided_to_inject_method" time="0.000" classname="com.rc.wefunit.FixtureDependencyInjectorUtilityTest"/>
  <testcase name="method_inject_should_inject_WebAppAccess_For_SCBuildersFixture_model" time="0.015" classname="com.rc.wefunit.FixtureDependencyInjectorUtilityTest"/>
</testsuite> <!-- com.rc.wefunit.FixtureDependencyInjectorUtilityTest -->
