<?xml version="1.0" encoding="UTF-8"?>
<!-- Generated by org.testng.reporters.JUnitReportReporter -->
<testsuite hostname="ubuntu" name="com.rc.wefunit.testengine.TestEngineTest" tests="3" failures="0" timestamp="27 May 2015 17:31:15 GMT" time="0.075" errors="0">
  <testcase name="singleton_test" time="0.001" classname="com.rc.wefunit.testengine.TestEngineTest"/>
  <testcase name="method_executeTests_parameters_Queue" time="0.003" classname="com.rc.wefunit.testengine.TestEngineTest"/>
  <testcase name="is_exist_Interface_TestEngine" time="0.071" classname="com.rc.wefunit.testengine.TestEngineTest"/>
</testsuite> <!-- com.rc.wefunit.testengine.TestEngineTest -->
