<?xml version="1.0" encoding="UTF-8"?>
<!-- Generated by org.testng.reporters.JUnitReportReporter -->
<testsuite hostname="ubuntu" name="com.rc.wefunit.CommonUtilsTest" tests="6" failures="0" timestamp="13 May 2015 17:02:22 GMT" time="0.017" errors="0">
  <testcase name="method_getTestMethodsArray_test_for_GeneServiceOperationTest" time="0.005" classname="com.rc.wefunit.CommonUtilsTest"/>
  <testcase name="test_CommonUtils_is_singleton_when_get_from_factory" time="0.004" classname="com.rc.wefunit.CommonUtilsTest"/>
  <testcase name="filterQualifierAnnotations_functional_test" time="0.003" classname="com.rc.wefunit.CommonUtilsTest"/>
  <testcase name="method_getTestMethodsArray" time="0.000" classname="com.rc.wefunit.CommonUtilsTest"/>
  <testcase name="method_getSuperClassesHierarchy" time="0.000" classname="com.rc.wefunit.CommonUtilsTest"/>
  <testcase name="filterQualifierAnnotations" time="0.005" classname="com.rc.wefunit.CommonUtilsTest"/>
</testsuite> <!-- com.rc.wefunit.CommonUtilsTest -->
