<?xml version="1.0" encoding="UTF-8"?>
<!-- Generated by org.testng.reporters.JUnitReportReporter -->
<testsuite hostname="ubuntu" name="com.rc.wefunit.FixtureDependencyTest" tests="19" failures="0" timestamp="13 May 2015 17:02:22 GMT" time="0.122" errors="0">
  <testcase name="existence_of_class" time="0.001" classname="com.rc.wefunit.FixtureDependencyTest"/>
  <testcase name="producerMethod_field_is_private_final" time="0.000" classname="com.rc.wefunit.FixtureDependencyTest"/>
  <testcase name="getSignature_method_return_type_is_DependencySignature" time="0.003" classname="com.rc.wefunit.FixtureDependencyTest"/>
  <testcase name="constructorTest" time="0.042" classname="com.rc.wefunit.FixtureDependencyTest"/>
  <testcase name="method_getDependency" time="0.004" classname="com.rc.wefunit.FixtureDependencyTest"/>
  <testcase name="method_getDependencyMethodName_return_type_is_Object" time="0.000" classname="com.rc.wefunit.FixtureDependencyTest"/>
  <testcase name="dependencySignature_field" time="0.000" classname="com.rc.wefunit.FixtureDependencyTest"/>
  <testcase name="getSignature_method_is_public" time="0.003" classname="com.rc.wefunit.FixtureDependencyTest"/>
  <testcase name="dependencySignature_field_is_private_is_of_type_DependencySignature" time="0.002" classname="com.rc.wefunit.FixtureDependencyTest"/>
  <testcase name="dependencySignature_field_is_private" time="0.001" classname="com.rc.wefunit.FixtureDependencyTest"/>
  <testcase name="getSignature" time="0.000" classname="com.rc.wefunit.FixtureDependencyTest"/>
  <testcase name="producerMethod_field_is_private_is_of_type_Method" time="0.000" classname="com.rc.wefunit.FixtureDependencyTest"/>
  <testcase name="dependencySignature_field_is_private_final" time="0.000" classname="com.rc.wefunit.FixtureDependencyTest"/>
  <testcase name="producerMethod_field" time="0.000" classname="com.rc.wefunit.FixtureDependencyTest"/>
  <testcase name="implements_java_lang_comparable" time="0.001" classname="com.rc.wefunit.FixtureDependencyTest"/>
  <testcase name="method_getDependency_method_is_public" time="0.001" classname="com.rc.wefunit.FixtureDependencyTest"/>
  <testcase name="method_compare_to_throw_IllegalArgumentException_when_argument_is_not_of_type_FixtureDependency" time="0.005" classname="com.rc.wefunit.FixtureDependencyTest"/>
  <testcase name="method_getDependencyMethodName_return_WebAppAccess_For_SCBuildersFixture_model" time="0.059" classname="com.rc.wefunit.FixtureDependencyTest"/>
  <testcase name="producerMethod_field_is_private" time="0.000" classname="com.rc.wefunit.FixtureDependencyTest"/>
</testsuite> <!-- com.rc.wefunit.FixtureDependencyTest -->
