<?xml version="1.0" encoding="UTF-8"?>
<!-- Generated by org.testng.reporters.JUnitReportReporter -->
<testsuite hostname="ubuntu" name="com.rc.wefunit.producers.FactoryProducersTest" tests="2" failures="0" timestamp="22 May 2015 11:40:53 GMT" time="0.002" errors="0">
  <testcase name="method_getSCBuildersFixturesModel" time="0.002" classname="com.rc.wefunit.producers.FactoryProducersTest"/>
  <testcase name="method_getSCBuildersFixturesModel_throw_IllegalStateException_when_a_model_named_SCBuildersFixture_is_not_found" time="0.000" classname="com.rc.wefunit.producers.FactoryProducersTest"/>
</testsuite> <!-- com.rc.wefunit.producers.FactoryProducersTest -->
