<?xml version="1.0" encoding="UTF-8"?>
<!-- Generated by org.testng.reporters.JUnitReportReporter -->
<testsuite hostname="ubuntu" name="com.rc.wefunit.testengine.TestEngineTest" tests="3" failures="0" timestamp="22 May 2015 11:40:53 GMT" time="0.051" errors="0">
  <testcase name="singleton_test" time="0.000" classname="com.rc.wefunit.testengine.TestEngineTest"/>
  <testcase name="method_executeTests_parameters_Queue" time="0.002" classname="com.rc.wefunit.testengine.TestEngineTest"/>
  <testcase name="is_exist_Interface_TestEngine" time="0.049" classname="com.rc.wefunit.testengine.TestEngineTest"/>
</testsuite> <!-- com.rc.wefunit.testengine.TestEngineTest -->
