<?xml version="1.0" encoding="UTF-8"?>
<!-- Generated by org.testng.reporters.JUnitReportReporter -->
<testsuite hostname="ubuntu" name="com.rc.wefunit.FixtureDependencyInjectorUtilityTest" tests="6" failures="0" timestamp="11 May 2015 14:04:30 GMT" time="0.018" errors="0">
  <testcase name="must_throw_IllegalStateException_when_a_non_injectable_field_is_provided_to_inject_method" time="0.000" classname="com.rc.wefunit.FixtureDependencyInjectorUtilityTest"/>
  <testcase name="inject_method_with_2_parameters_Field_and_Object2_GenericServiceOperationTest_serviceOperationName_field_2" time="0.000" classname="com.rc.wefunit.FixtureDependencyInjectorUtilityTest"/>
  <testcase name="inject_method_with_2_parameters_Field_and_Object__GenericServiceOperationTest_dataServiceName_field_injection_Test_1" time="0.001" classname="com.rc.wefunit.FixtureDependencyInjectorUtilityTest"/>
  <testcase name="inject_method_with_2_parameters_Field_and_Object1_GenericServiceOperationTest_serviceOperationName_field_1" time="0.000" classname="com.rc.wefunit.FixtureDependencyInjectorUtilityTest"/>
  <testcase name="method_inject_should_inject_WebAppAccess_For_SCBuildersFixture_model" time="0.016" classname="com.rc.wefunit.FixtureDependencyInjectorUtilityTest"/>
  <testcase name="inject_method_with_2_parameters_Field_and_Object__GenericServiceOperationTest_dataServiceName_field_injection_Test_2" time="0.001" classname="com.rc.wefunit.FixtureDependencyInjectorUtilityTest"/>
</testsuite> <!-- com.rc.wefunit.FixtureDependencyInjectorUtilityTest -->
