<?xml version="1.0" encoding="UTF-8"?>
<!-- Generated by org.testng.reporters.JUnitReportReporter -->
<testsuite hostname="ubuntu" name="com.rc.wefunit.DependencyScannerTest" tests="5" failures="0" timestamp="19 May 2015 13:51:12 GMT" time="0.113" errors="0">
  <testcase name="method_getDependency_return_WebAppAccess_For_SCBuildersFixture_model" time="0.074" classname="com.rc.wefunit.DependencyScannerTest"/>
  <testcase name="method_getDependency_DependencySignature_as_first_parameter" time="0.002" classname="com.rc.wefunit.DependencyScannerTest"/>
  <testcase name="method_getDependency_DependencySignature_Object_as_return_type" time="0.002" classname="com.rc.wefunit.DependencyScannerTest"/>
  <testcase name="method_getDependency_exists" time="0.000" classname="com.rc.wefunit.DependencyScannerTest"/>
  <testcase name="interface_DependencyScanner_existence" time="0.035" classname="com.rc.wefunit.DependencyScannerTest"/>
</testsuite> <!-- com.rc.wefunit.DependencyScannerTest -->
