<?xml version="1.0" encoding="UTF-8"?>
<!-- Generated by org.testng.reporters.JUnitReportReporter -->
<testsuite hostname="ubuntu" name="com.rc.wefunit.TestClassStatsTest" tests="1" failures="0" timestamp="13 May 2015 17:02:22 GMT" time="0.000" errors="0">
  <testcase name="method_getTotalExecutableTestsCount" time="0.000" classname="com.rc.wefunit.TestClassStatsTest"/>
</testsuite> <!-- com.rc.wefunit.TestClassStatsTest -->
