<?xml version="1.0" encoding="UTF-8"?>
<!-- Generated by org.testng.reporters.JUnitReportReporter -->
<testsuite hostname="ubuntu" name="com.rc.wefunit.DependencySignatureTest" tests="18" failures="0" timestamp="20 May 2015 16:35:58 GMT" time="0.028" errors="0">
  <testcase name="constructor_must_have_an_Annotation_array_as_the_second_parameter_data_type" time="0.000" classname="com.rc.wefunit.DependencySignatureTest"/>
  <testcase name="field_qualifiers_is_an_Array_of_Type_Annotation" time="0.001" classname="com.rc.wefunit.DependencySignatureTest"/>
  <testcase name="constructor_must_have_Class_as_the_first_parameter_data_type" time="0.001" classname="com.rc.wefunit.DependencySignatureTest"/>
  <testcase name="class_existence" time="0.001" classname="com.rc.wefunit.DependencySignatureTest"/>
  <testcase name="field_returnedObjectType" time="0.001" classname="com.rc.wefunit.DependencySignatureTest"/>
  <testcase name="field__qualifiers_is_final" time="0.000" classname="com.rc.wefunit.DependencySignatureTest"/>
  <testcase name="implements_java_lang_Comparator" time="0.000" classname="com.rc.wefunit.DependencySignatureTest"/>
  <testcase name="compareTo_test_1" time="0.001" classname="com.rc.wefunit.DependencySignatureTest"/>
  <testcase name="field_returnedObjectType_field_type_is_java_lang_Class" time="0.001" classname="com.rc.wefunit.DependencySignatureTest"/>
  <testcase name="throw_IllegalStateException_when_provided_annotation_is_not_a_Qualifier" time="0.002" classname="com.rc.wefunit.DependencySignatureTest"/>
  <testcase name="there_is_only_one_constructor" time="0.000" classname="com.rc.wefunit.DependencySignatureTest"/>
  <testcase name="field__qualifiers_is_private" time="0.010" classname="com.rc.wefunit.DependencySignatureTest"/>
  <testcase name="method_getReturnedObjectType" time="0.000" classname="com.rc.wefunit.DependencySignatureTest"/>
  <testcase name="field_returnedObjectType_is_final" time="0.000" classname="com.rc.wefunit.DependencySignatureTest"/>
  <testcase name="field_returnedObjectType_is_private" time="0.001" classname="com.rc.wefunit.DependencySignatureTest"/>
  <testcase name="the_only_constructor_is_public" time="0.000" classname="com.rc.wefunit.DependencySignatureTest"/>
  <testcase name="presence_of_equals_and_hashcode_methods" time="0.000" classname="com.rc.wefunit.DependencySignatureTest"/>
  <testcase name="field_qualifiers" time="0.009" classname="com.rc.wefunit.DependencySignatureTest"/>
</testsuite> <!-- com.rc.wefunit.DependencySignatureTest -->
