<?xml version="1.0" encoding="UTF-8"?>
<!-- Generated by org.testng.reporters.JUnitReportReporter -->
<testsuite hostname="ubuntu" name="com.rc.wefunit.ConfigReaderTest" tests="2" failures="0" timestamp="20 May 2015 16:36:08 GMT" time="0.025" errors="0">
  <testcase name="method_getProjectName_test_for_linux" time="0.024" classname="com.rc.wefunit.ConfigReaderTest"/>
  <testcase name="method_getProjectName_test_for_windows" time="0.001" classname="com.rc.wefunit.ConfigReaderTest"/>
</testsuite> <!-- com.rc.wefunit.ConfigReaderTest -->
