<?xml version="1.0" encoding="UTF-8"?>
<!-- Generated by org.testng.reporters.JUnitReportReporter -->
<testsuite hostname="ubuntu" name="com.rc.wefunit.testengine.TestEngineTest" tests="3" failures="0" timestamp="19 May 2015 10:56:05 GMT" time="0.482" errors="0">
  <testcase name="method_getTestScores_returned_map_must_contain_report_document" time="0.186" classname="com.rc.wefunit.testengine.TestEngineTest"/>
  <testcase name="method_getTestScores_returned_map_must_contain_score_document" time="0.001" classname="com.rc.wefunit.testengine.TestEngineTest"/>
  <testcase name="method_getTestScores_returned_map_validating_failed_test_objects_structures_inside_report_failed_array" time="0.295" classname="com.rc.wefunit.testengine.TestEngineTest"/>
</testsuite> <!-- com.rc.wefunit.testengine.TestEngineTest -->
