<?xml version="1.0" encoding="UTF-8"?>
<!-- Generated by org.testng.reporters.JUnitReportReporter -->
<testsuite hostname="ubuntu" name="com.rc.wefunit.ConfigReaderTest" tests="2" failures="0" timestamp="26 May 2015 14:16:29 GMT" time="0.035" errors="0">
  <testcase name="method_getProjectName_test_for_windows" time="0.010" classname="com.rc.wefunit.ConfigReaderTest"/>
  <testcase name="method_getProjectName_test_for_linux" time="0.025" classname="com.rc.wefunit.ConfigReaderTest"/>
</testsuite> <!-- com.rc.wefunit.ConfigReaderTest -->
