<?xml version="1.0" encoding="UTF-8"?>
<!-- Generated by org.testng.reporters.JUnitReportReporter -->
<testsuite hostname="ubuntu" name="wefunittest.FirstTest" tests="1" failures="0" timestamp="13 May 2015 17:02:25 GMT" time="0.279" errors="0">
  <testcase name="test1" time="0.279" classname="wefunittest.FirstTest"/>
</testsuite> <!-- wefunittest.FirstTest -->
