<?xml version="1.0" encoding="UTF-8"?>
<!-- Generated by org.testng.reporters.JUnitReportReporter -->
<testsuite hostname="ubuntu" name="com.rc.wefunit.testreporting.HTMLReporterTest" tests="6" failures="0" timestamp="27 May 2015 17:31:33 GMT" time="12.014" errors="0">
  <testcase name="method_generateHTMLTestReporting_TestReporting_html_file_basic_structure" time="7.955" classname="com.rc.wefunit.testreporting.HTMLReporterTest"/>
  <testcase name="method_generateHTMLTestReporting_create_a_new_html_report_if_a_report_file_is_not_there" time="0.007" classname="com.rc.wefunit.testreporting.HTMLReporterTest"/>
  <testcase name="method_generateHTMLTestReporting_TestReporting_html_file_test_report_content" time="3.850" classname="com.rc.wefunit.testreporting.HTMLReporterTest"/>
  <testcase name="method_generateHTMLTestReporting_delete_existing_html_report_file_then_regenerate_a_new_file" time="0.007" classname="com.rc.wefunit.testreporting.HTMLReporterTest"/>
  <testcase name="method_generateHTMLTestReporting_if_reporting_directories_are_not_present_then_create_them" time="0.011" classname="com.rc.wefunit.testreporting.HTMLReporterTest"/>
  <testcase name="method_generateHTMLTestReporting_must_throw_IllegalStateException_when_reporting_dir_is_not_accessible" time="0.184" classname="com.rc.wefunit.testreporting.HTMLReporterTest"/>
</testsuite> <!-- com.rc.wefunit.testreporting.HTMLReporterTest -->
