<?xml version="1.0" encoding="UTF-8"?>
<!-- Generated by org.testng.reporters.JUnitReportReporter -->
<testsuite hostname="ubuntu" name="com.rc.wefunit.ConfigReaderTest" tests="4" failures="0" timestamp="19 May 2015 11:58:33 GMT" time="0.016" errors="0">
  <testcase name="method_getBaseDirPathForLogging_must_return_user_home_when_a_config_file_is_present_but_no_logging_dir_element_is_there" time="0.010" classname="com.rc.wefunit.ConfigReaderTest"/>
  <testcase name="method_getBaseDirPathForLogging_must_return_user_home_when_no_wefunit_xml_file_is_present" time="0.000" classname="com.rc.wefunit.ConfigReaderTest"/>
  <testcase name="method_getProjectName_tes_for_windows" time="0.004" classname="com.rc.wefunit.ConfigReaderTest"/>
  <testcase name="method_getProjectName_tes_for_linux" time="0.002" classname="com.rc.wefunit.ConfigReaderTest"/>
</testsuite> <!-- com.rc.wefunit.ConfigReaderTest -->
