<?xml version="1.0" encoding="UTF-8"?>
<!-- Generated by org.testng.reporters.JUnitReportReporter -->
<testsuite hostname="ubuntu" name="com.rc.wefunit.ConfigReaderTest" tests="2" failures="0" timestamp="19 May 2015 10:56:05 GMT" time="0.015" errors="0">
  <testcase name="method_getBaseDirPathForLogging_must_return_user_home_when_no_wefunit_xml_file_is_present" time="0.003" classname="com.rc.wefunit.ConfigReaderTest"/>
  <testcase name="method_getBaseDirPathForLogging_must_return_user_home_when_a_config_file_is_present_but_no_logging_dir_element_is_there" time="0.012" classname="com.rc.wefunit.ConfigReaderTest"/>
</testsuite> <!-- com.rc.wefunit.ConfigReaderTest -->
