<?xml version="1.0" encoding="UTF-8"?>
<!-- Generated by org.testng.reporters.JUnitReportReporter -->
<testsuite hostname="ubuntu" name="wefunittest.FirstTest" tests="1" failures="0" timestamp="12 May 2015 16:55:13 GMT" time="0.469" errors="0">
  <testcase name="test1" time="0.469" classname="wefunittest.FirstTest"/>
</testsuite> <!-- wefunittest.FirstTest -->
