<?xml version="1.0" encoding="UTF-8"?>
<!-- Generated by org.testng.reporters.JUnitReportReporter -->
<testsuite hostname="ubuntu" name="com.rc.wefunit.ConfigReaderTest" tests="3" failures="0" timestamp="20 May 2015 10:36:14 GMT" time="0.027" errors="0">
  <testcase name="method_getBaseDirPathForLogging_if_config_file_is_present_and_a_logging_dir_element_is_there_then_return_this_directory_path" time="0.021" classname="com.rc.wefunit.ConfigReaderTest"/>
  <testcase name="method_getProjectName_test_for_windows" time="0.004" classname="com.rc.wefunit.ConfigReaderTest"/>
  <testcase name="method_getProjectName_test_for_linux" time="0.002" classname="com.rc.wefunit.ConfigReaderTest"/>
</testsuite> <!-- com.rc.wefunit.ConfigReaderTest -->
