<?xml version="1.0" encoding="UTF-8"?>
<!-- Generated by org.testng.reporters.JUnitReportReporter -->
<testsuite hostname="ubuntu" name="com.rc.wefunit.testengine.TestEngineTest" tests="8" failures="0" timestamp="27 May 2015 17:31:33 GMT" time="0.440" errors="0">
  <testcase name="method_executeTests_total_passed_tests_should_be_equal_to_total_tests_minus_total_failed_tests" time="0.018" classname="com.rc.wefunit.testengine.TestEngineTest"/>
  <testcase name="method_getTestScores_returned_map_validating_failed_test_objects_structures_inside_report_failed_array" time="0.023" classname="com.rc.wefunit.testengine.TestEngineTest"/>
  <testcase name="method_getTestScores_validating_the_test_classes_names_inside_report_section_of_test_scoring_map" time="0.037" classname="com.rc.wefunit.testengine.TestEngineTest"/>
  <testcase name="method_getTestScores_returned_map_must_contain_report_document" time="0.001" classname="com.rc.wefunit.testengine.TestEngineTest"/>
  <testcase name="method_executeTests_total_test_for_explicitly_failed_tests" time="0.023" classname="com.rc.wefunit.testengine.TestEngineTest"/>
  <testcase name="method_executeTests_tests_reports_failed_tests_arrays_size_should_be_equal_to_total_failed_tests" time="0.320" classname="com.rc.wefunit.testengine.TestEngineTest"/>
  <testcase name="method_executeTests_total_executed_tests_should_equal_to_total_no_of_tests_present" time="0.018" classname="com.rc.wefunit.testengine.TestEngineTest"/>
  <testcase name="method_getTestScores_returned_map_must_contain_score_document" time="0.000" classname="com.rc.wefunit.testengine.TestEngineTest"/>
</testsuite> <!-- com.rc.wefunit.testengine.TestEngineTest -->
