<?xml version="1.0" encoding="UTF-8"?>
<!-- Generated by org.testng.reporters.JUnitReportReporter -->
<testsuite hostname="ubuntu" name="com.rc.wefunit.ConfigReaderTest" tests="4" failures="0" timestamp="19 May 2015 15:10:47 GMT" time="0.022" errors="0">
  <testcase name="method_getProjectName_tes_for_windows" time="0.005" classname="com.rc.wefunit.ConfigReaderTest"/>
  <testcase name="method_getBaseDirPathForLogging_must_return_user_home_when_a_config_file_is_present_but_no_logging_dir_element_is_there" time="0.013" classname="com.rc.wefunit.ConfigReaderTest"/>
  <testcase name="method_getBaseDirPathForLogging_must_return_user_home_when_no_wefunit_xml_file_is_present" time="0.003" classname="com.rc.wefunit.ConfigReaderTest"/>
  <testcase name="method_getProjectName_tes_for_linux" time="0.001" classname="com.rc.wefunit.ConfigReaderTest"/>
</testsuite> <!-- com.rc.wefunit.ConfigReaderTest -->
