<?xml version="1.0" encoding="UTF-8"?>
<!-- Generated by org.testng.reporters.JUnitReportReporter -->
<testsuite hostname="ubuntu" name="com.rc.wefunit.testreporting.HTMLReporterTest" tests="6" failures="0" timestamp="26 May 2015 17:33:12 GMT" time="6.833" errors="0">
  <testcase name="method_generateHTMLTestReporting_create_a_new_html_report_if_a_report_file_is_not_there" time="0.007" classname="com.rc.wefunit.testreporting.HTMLReporterTest"/>
  <testcase name="method_generateHTMLTestReporting_TestReporting_html_file_test_report_content" time="2.809" classname="com.rc.wefunit.testreporting.HTMLReporterTest"/>
  <testcase name="method_generateHTMLTestReporting_TestReporting_html_file_basic_structure" time="3.867" classname="com.rc.wefunit.testreporting.HTMLReporterTest"/>
  <testcase name="method_generateHTMLTestReporting_delete_existing_html_report_file_then_regenerate_a_new_file" time="0.008" classname="com.rc.wefunit.testreporting.HTMLReporterTest"/>
  <testcase name="method_generateHTMLTestReporting_if_reporting_directories_are_not_present_then_create_them" time="0.022" classname="com.rc.wefunit.testreporting.HTMLReporterTest"/>
  <testcase name="method_generateHTMLTestReporting_must_throw_IllegalStateException_when_reporting_dir_is_not_accessible" time="0.120" classname="com.rc.wefunit.testreporting.HTMLReporterTest"/>
</testsuite> <!-- com.rc.wefunit.testreporting.HTMLReporterTest -->
